Copyright 1986-2020 Xilinx, Inc. All Rights Reserved.
-------------------------------------------------------------------------------------------------
| Tool Version : Vivado v.2020.2 (lin64) Build 3064766 Wed Nov 18 09:12:47 MST 2020
| Date         : Mon Jun 16 15:55:02 2025
| Host         : tclpc47 running 64-bit Red Hat Enterprise Linux Workstation release 7.9 (Maipo)
| Command      : report_clock_utilization -file top_clock_utilization_routed.rpt
| Design       : top
| Device       : 7z020-clg400
| Speed File   : -1  PRODUCTION 1.12 2019-11-22
| Design State : Routed
-------------------------------------------------------------------------------------------------

Clock Utilization Report

Table of Contents
-----------------
1. Clock Primitive Utilization
2. Global Clock Resources
3. Global Clock Source Details
4. Clock Regions: Key Resource Utilization
5. Clock Regions : Global Clock Summary
6. Device Cell Placement Summary for Global Clock g0
7. Device Cell Placement Summary for Global Clock g1
8. Device Cell Placement Summary for Global Clock g2
9. Device Cell Placement Summary for Global Clock g3
10. Device Cell Placement Summary for Global Clock g4
11. Device Cell Placement Summary for Global Clock g5
12. Clock Region Cell Placement per Global Clock: Region X0Y0
13. Clock Region Cell Placement per Global Clock: Region X1Y0
14. Clock Region Cell Placement per Global Clock: Region X0Y1
15. Clock Region Cell Placement per Global Clock: Region X1Y1

1. Clock Primitive Utilization
------------------------------

+----------+------+-----------+-----+--------------+--------+
| Type     | Used | Available | LOC | Clock Region | Pblock |
+----------+------+-----------+-----+--------------+--------+
| BUFGCTRL |    6 |        32 |   0 |            0 |      0 |
| BUFH     |    0 |        72 |   0 |            0 |      0 |
| BUFIO    |    0 |        16 |   0 |            0 |      0 |
| BUFMR    |    0 |         8 |   0 |            0 |      0 |
| BUFR     |    0 |        16 |   0 |            0 |      0 |
| MMCM     |    1 |         4 |   0 |            0 |      0 |
| PLL      |    0 |         4 |   0 |            0 |      0 |
+----------+------+-----------+-----+--------------+--------+


2. Global Clock Resources
-------------------------

+-----------+-----------+-----------------+------------+----------------+--------------+-------------------+-------------+-----------------+--------------+-----------+-----------------------------------+------------------------+
| Global Id | Source Id | Driver Type/Pin | Constraint | Site           | Clock Region | Load Clock Region | Clock Loads | Non-Clock Loads | Clock Period | Clock     | Driver Pin                        | Net                    |
+-----------+-----------+-----------------+------------+----------------+--------------+-------------------+-------------+-----------------+--------------+-----------+-----------------------------------+------------------------+
| g0        | src0      | BUFG/O          | None       | BUFGCTRL_X0Y0  | n/a          |                 2 |        3020 |               0 |        8.000 | clk_125   | infra/clocks/bufg125/O            | infra/clocks/mmcm_0    |
| g1        | src1      | BUFG/O          | None       | BUFGCTRL_X0Y1  | n/a          |                 4 |        2165 |               0 |       16.000 | clk_50_i  | infra/clocks/bufg50/O             | infra/clocks/CLK       |
| g2        | src2      | BUFG/O          | None       | BUFGCTRL_X0Y2  | n/a          |                 2 |         443 |               0 |       32.000 | ipbus_clk | infra/clocks/bufgipb/O            | infra/clocks/mmcm_1    |
| g3        | src3      | BUFG/O          | None       | BUFGCTRL_X0Y3  | n/a          |                 2 |         333 |               5 |       40.000 | mii_clk   | FSM_onehot_state_reg_reg[2]_i_2/O | mii_tx_clk             |
| g4        | src4      | BUFG/O          | None       | BUFGCTRL_X0Y16 | n/a          |                 3 |          32 |               1 |        8.000 | sysclk    | test_out_OBUF_BUFG_inst/O         | test_out_OBUF_BUFG     |
| g5        | src5      | BUFG/O          | None       | BUFGCTRL_X0Y4  | n/a          |                 2 |          24 |               0 |       20.000 | ref_clk   | rmii_ref_clk_IBUF_BUFG_inst/O     | rmii_ref_clk_IBUF_BUFG |
+-----------+-----------+-----------------+------------+----------------+--------------+-------------------+-------------+-----------------+--------------+-----------+-----------------------------------+------------------------+
* Clock Loads column represents the clock pin loads (pin count)
** Non-Clock Loads column represents the non-clock pin loads (pin count)


3. Global Clock Source Details
------------------------------

+-----------+-----------+--------------------+------------+-----------------+--------------+-------------+-----------------+---------------------+--------------+-----------------------------------------------------------+-----------------------------------------------------------+
| Source Id | Global Id | Driver Type/Pin    | Constraint | Site            | Clock Region | Clock Loads | Non-Clock Loads | Source Clock Period | Source Clock | Driver Pin                                                | Net                                                       |
+-----------+-----------+--------------------+------------+-----------------+--------------+-------------+-----------------+---------------------+--------------+-----------------------------------------------------------+-----------------------------------------------------------+
| src0      | g0        | MMCME2_ADV/CLKOUT1 | None       | MMCME2_ADV_X1Y0 | X1Y0         |           1 |               0 |               8.000 | clk_125      | infra/clocks/mmcm/CLKOUT1                                 | infra/clocks/I                                            |
| src1      | g1        | MMCME2_ADV/CLKOUT2 | None       | MMCME2_ADV_X1Y0 | X1Y0         |           1 |               0 |              16.000 | clk_50_i     | infra/clocks/mmcm/CLKOUT2                                 | infra/clocks/clk_50_i                                     |
| src2      | g2        | MMCME2_ADV/CLKOUT3 | None       | MMCME2_ADV_X1Y0 | X1Y0         |           1 |               0 |              32.000 | ipbus_clk    | infra/clocks/mmcm/CLKOUT3                                 | infra/clocks/clk_ipb_i                                    |
| src3      | g3        | FDCE/Q             | None       | SLICE_X102Y18   | X1Y0         |           1 |              16 |              40.000 | mii_clk      | infra/converter/rmii_mii_converter_inst/mii_clk_reg_reg/Q | infra/converter/rmii_mii_converter_inst/mii_clk_reg_reg_0 |
| src4      | g4        | IBUF/O             | IOB_X1Y124 | IOB_X1Y124      | X1Y2         |           1 |               0 |               8.000 | sysclk       | sysclk_IBUF_inst/O                                        | test_out_OBUF                                             |
| src5      | g5        | IBUF/O             | IOB_X1Y56  | IOB_X1Y56       | X1Y1         |           1 |               0 |              20.000 | ref_clk      | rmii_ref_clk_IBUF_inst/O                                  | rmii_ref_clk_IBUF                                         |
+-----------+-----------+--------------------+------------+-----------------+--------------+-------------+-----------------+---------------------+--------------+-----------------------------------------------------------+-----------------------------------------------------------+
* Clock Loads column represents the clock pin loads (pin count)
** Non-Clock Loads column represents the non-clock pin loads (pin count)


4. Clock Regions: Key Resource Utilization
------------------------------------------

+-------------------+--------------+--------------+--------------+--------------+--------------+--------------+--------------+--------------+--------------+--------------+--------------+--------------+--------------+--------------+--------------+
|                   | Global Clock |     BUFRs    |    BUFMRs    |    BUFIOs    |     MMCM     |      PLL     |      GT      |      PCI     |    ILOGIC    |    OLOGIC    |      FF      |     LUTM     |    RAMB18    |    RAMB36    |    DSP48E2   |
+-------------------+------+-------+------+-------+------+-------+------+-------+------+-------+------+-------+------+-------+------+-------+------+-------+------+-------+------+-------+------+-------+------+-------+------+-------+------+-------+
| Clock Region Name | Used | Avail | Used | Avail | Used | Avail | Used | Avail | Used | Avail | Used | Avail | Used | Avail | Used | Avail | Used | Avail | Used | Avail | Used | Avail | Used | Avail | Used | Avail | Used | Avail | Used | Avail |
+-------------------+------+-------+------+-------+------+-------+------+-------+------+-------+------+-------+------+-------+------+-------+------+-------+------+-------+------+-------+------+-------+------+-------+------+-------+------+-------+
| X0Y0              |    4 |    12 |    0 |     4 |    0 |     2 |    0 |     4 |    0 |     1 |    0 |     1 |    0 |     0 |    0 |     0 |    0 |    50 |    0 |    50 | 2252 |  2500 |  726 |  1000 |    0 |    60 |   11 |    30 |    0 |    60 |
| X1Y0              |    6 |    12 |    0 |     4 |    0 |     2 |    0 |     4 |    1 |     1 |    0 |     1 |    0 |     0 |    0 |     0 |    0 |    50 |    0 |    50 | 3506 |  3200 |  920 |   850 |    0 |    60 |    8 |    30 |    0 |    40 |
| X0Y1              |    1 |    12 |    0 |     0 |    0 |     0 |    0 |     0 |    0 |     0 |    0 |     0 |    0 |     0 |    0 |     0 |    0 |     0 |    0 |     0 |  163 |  1200 |   61 |   400 |    0 |    20 |    0 |    10 |    0 |    20 |
| X1Y1              |    4 |    12 |    0 |     4 |    0 |     2 |    0 |     4 |    0 |     1 |    0 |     1 |    0 |     0 |    0 |     0 |    0 |    50 |    0 |    50 |   24 |  2600 |    8 |   850 |    0 |    60 |    0 |    30 |    0 |    40 |
| X0Y2              |    0 |    12 |    0 |     0 |    0 |     0 |    0 |     0 |    0 |     0 |    0 |     0 |    0 |     0 |    0 |     0 |    0 |     0 |    0 |     0 |    0 |  1200 |    0 |   400 |    0 |    20 |    0 |    10 |    0 |    20 |
| X1Y2              |    0 |    12 |    0 |     4 |    0 |     2 |    0 |     4 |    0 |     1 |    0 |     1 |    0 |     0 |    0 |     0 |    0 |    50 |    0 |    50 |    0 |  2600 |    0 |   850 |    0 |    60 |    0 |    30 |    0 |    40 |
+-------------------+------+-------+------+-------+------+-------+------+-------+------+-------+------+-------+------+-------+------+-------+------+-------+------+-------+------+-------+------+-------+------+-------+------+-------+------+-------+
* Global Clock column represents track count; while other columns represents cell counts


5. Clock Regions : Global Clock Summary
---------------------------------------

All Modules
+----+----+----+
|    | X0 | X1 |
+----+----+----+
| Y2 |  0 |  0 |
| Y1 |  1 |  4 |
| Y0 |  4 |  6 |
+----+----+----+


6. Device Cell Placement Summary for Global Clock g0
----------------------------------------------------

+-----------+-----------------+-------------------+---------+-------------+---------------+-------------+----------+----------------+----------+---------------------+
| Global Id | Driver Type/Pin | Driver Region (D) | Clock   | Period (ns) | Waveform (ns) | Slice Loads | IO Loads | Clocking Loads | GT Loads | Net                 |
+-----------+-----------------+-------------------+---------+-------------+---------------+-------------+----------+----------------+----------+---------------------+
| g0        | BUFG/O          | n/a               | clk_125 |       8.000 | {0.000 4.000} |        3019 |        0 |              0 |        0 | infra/clocks/mmcm_0 |
+-----------+-----------------+-------------------+---------+-------------+---------------+-------------+----------+----------------+----------+---------------------+
* Slice Loads column represents load cell count of all cell types other than IO, GT and clock resources
** IO Loads column represents load cell count of IO types
*** Clocking Loads column represents load cell count that are clock resources (global clock buffer, MMCM, PLL, etc)
**** GT Loads column represents load cell count of GT types


+----+------+-------+-----------------------+
|    | X0   | X1    | HORIZONTAL PROG DELAY |
+----+------+-------+-----------------------+
| Y2 |    0 |     0 |                     0 |
| Y1 |    0 |     0 |                     0 |
| Y0 |  911 |  2108 |                     0 |
+----+------+-------+-----------------------+


7. Device Cell Placement Summary for Global Clock g1
----------------------------------------------------

+-----------+-----------------+-------------------+----------+-------------+---------------+-------------+----------+----------------+----------+------------------+
| Global Id | Driver Type/Pin | Driver Region (D) | Clock    | Period (ns) | Waveform (ns) | Slice Loads | IO Loads | Clocking Loads | GT Loads | Net              |
+-----------+-----------------+-------------------+----------+-------------+---------------+-------------+----------+----------------+----------+------------------+
| g1        | BUFG/O          | n/a               | clk_50_i |      16.000 | {0.000 8.000} |        2165 |        0 |              0 |        0 | infra/clocks/CLK |
+-----------+-----------------+-------------------+----------+-------------+---------------+-------------+----------+----------------+----------+------------------+
* Slice Loads column represents load cell count of all cell types other than IO, GT and clock resources
** IO Loads column represents load cell count of IO types
*** Clocking Loads column represents load cell count that are clock resources (global clock buffer, MMCM, PLL, etc)
**** GT Loads column represents load cell count of GT types


+----+-------+------+-----------------------+
|    | X0    | X1   | HORIZONTAL PROG DELAY |
+----+-------+------+-----------------------+
| Y2 |     0 |    0 |                     0 |
| Y1 |   163 |   22 |                     0 |
| Y0 |  1112 |  868 |                     0 |
+----+-------+------+-----------------------+


8. Device Cell Placement Summary for Global Clock g2
----------------------------------------------------

+-----------+-----------------+-------------------+-----------+-------------+----------------+-------------+----------+----------------+----------+---------------------+
| Global Id | Driver Type/Pin | Driver Region (D) | Clock     | Period (ns) | Waveform (ns)  | Slice Loads | IO Loads | Clocking Loads | GT Loads | Net                 |
+-----------+-----------------+-------------------+-----------+-------------+----------------+-------------+----------+----------------+----------+---------------------+
| g2        | BUFG/O          | n/a               | ipbus_clk |      32.000 | {0.000 16.000} |         443 |        0 |              0 |        0 | infra/clocks/mmcm_1 |
+-----------+-----------------+-------------------+-----------+-------------+----------------+-------------+----------+----------------+----------+---------------------+
* Slice Loads column represents load cell count of all cell types other than IO, GT and clock resources
** IO Loads column represents load cell count of IO types
*** Clocking Loads column represents load cell count that are clock resources (global clock buffer, MMCM, PLL, etc)
**** GT Loads column represents load cell count of GT types


+----+------+------+-----------------------+
|    | X0   | X1   | HORIZONTAL PROG DELAY |
+----+------+------+-----------------------+
| Y2 |    0 |    0 |                     0 |
| Y1 |    0 |    0 |                     0 |
| Y0 |  242 |  201 |                     0 |
+----+------+------+-----------------------+


9. Device Cell Placement Summary for Global Clock g3
----------------------------------------------------

+-----------+-----------------+-------------------+---------+-------------+----------------+-------------+----------+----------------+----------+------------+
| Global Id | Driver Type/Pin | Driver Region (D) | Clock   | Period (ns) | Waveform (ns)  | Slice Loads | IO Loads | Clocking Loads | GT Loads | Net        |
+-----------+-----------------+-------------------+---------+-------------+----------------+-------------+----------+----------------+----------+------------+
| g3        | BUFG/O          | n/a               | mii_clk |      40.000 | {0.000 20.000} |         338 |        0 |              0 |        0 | mii_tx_clk |
+-----------+-----------------+-------------------+---------+-------------+----------------+-------------+----------+----------------+----------+------------+
* Slice Loads column represents load cell count of all cell types other than IO, GT and clock resources
** IO Loads column represents load cell count of IO types
*** Clocking Loads column represents load cell count that are clock resources (global clock buffer, MMCM, PLL, etc)
**** GT Loads column represents load cell count of GT types


+----+----+------+-----------------------+
|    | X0 | X1   | HORIZONTAL PROG DELAY |
+----+----+------+-----------------------+
| Y2 |  0 |    0 |                     0 |
| Y1 |  0 |    1 |                     0 |
| Y0 |  0 |  337 |                     0 |
+----+----+------+-----------------------+


10. Device Cell Placement Summary for Global Clock g4
-----------------------------------------------------

+-----------+-----------------+-------------------+--------+-------------+---------------+-------------+----------+----------------+----------+--------------------+
| Global Id | Driver Type/Pin | Driver Region (D) | Clock  | Period (ns) | Waveform (ns) | Slice Loads | IO Loads | Clocking Loads | GT Loads | Net                |
+-----------+-----------------+-------------------+--------+-------------+---------------+-------------+----------+----------------+----------+--------------------+
| g4        | BUFG/O          | n/a               | sysclk |       8.000 | {0.000 4.000} |          31 |        1 |              1 |        0 | test_out_OBUF_BUFG |
+-----------+-----------------+-------------------+--------+-------------+---------------+-------------+----------+----------------+----------+--------------------+
* Slice Loads column represents load cell count of all cell types other than IO, GT and clock resources
** IO Loads column represents load cell count of IO types
*** Clocking Loads column represents load cell count that are clock resources (global clock buffer, MMCM, PLL, etc)
**** GT Loads column represents load cell count of GT types


+----+-----+----+-----------------------+
|    | X0  | X1 | HORIZONTAL PROG DELAY |
+----+-----+----+-----------------------+
| Y2 |   0 |  0 |                     0 |
| Y1 |   0 |  1 |                     0 |
| Y0 |  31 |  1 |                     0 |
+----+-----+----+-----------------------+


11. Device Cell Placement Summary for Global Clock g5
-----------------------------------------------------

+-----------+-----------------+-------------------+---------+-------------+----------------+-------------+----------+----------------+----------+------------------------+
| Global Id | Driver Type/Pin | Driver Region (D) | Clock   | Period (ns) | Waveform (ns)  | Slice Loads | IO Loads | Clocking Loads | GT Loads | Net                    |
+-----------+-----------------+-------------------+---------+-------------+----------------+-------------+----------+----------------+----------+------------------------+
| g5        | BUFG/O          | n/a               | ref_clk |      20.000 | {0.000 10.000} |          24 |        0 |              0 |        0 | rmii_ref_clk_IBUF_BUFG |
+-----------+-----------------+-------------------+---------+-------------+----------------+-------------+----------+----------------+----------+------------------------+
* Slice Loads column represents load cell count of all cell types other than IO, GT and clock resources
** IO Loads column represents load cell count of IO types
*** Clocking Loads column represents load cell count that are clock resources (global clock buffer, MMCM, PLL, etc)
**** GT Loads column represents load cell count of GT types


+----+----+-----+-----------------------+
|    | X0 | X1  | HORIZONTAL PROG DELAY |
+----+----+-----+-----------------------+
| Y2 |  0 |   0 |                     0 |
| Y1 |  0 |   2 |                     0 |
| Y0 |  0 |  22 |                     0 |
+----+----+-----+-----------------------+


12. Clock Region Cell Placement per Global Clock: Region X0Y0
-------------------------------------------------------------

+-----------+-------+-----------------+------------+-------------+-----------------+------+--------+------+-----+----+------+-----+---------+---------------------+
| Global Id | Track | Driver Type/Pin | Constraint | Clock Loads | Non-Clock Loads | FF   | LUTRAM | RAMB | DSP | GT | MMCM | PLL | Hard IP | Net                 |
+-----------+-------+-----------------+------------+-------------+-----------------+------+--------+------+-----+----+------+-----+---------+---------------------+
| g0        | n/a   | BUFG/O          | None       |         911 |               0 |  879 |     21 |   11 |   0 |  0 |    0 |   0 |       0 | infra/clocks/mmcm_0 |
| g1        | n/a   | BUFG/O          | None       |        1112 |               0 | 1112 |      0 |    0 |   0 |  0 |    0 |   0 |       0 | infra/clocks/CLK    |
| g2        | n/a   | BUFG/O          | None       |         242 |               0 |  231 |      0 |   11 |   0 |  0 |    0 |   0 |       0 | infra/clocks/mmcm_1 |
| g4        | n/a   | BUFG/O          | None       |          31 |               0 |   30 |      1 |    0 |   0 |  0 |    0 |   0 |       0 | test_out_OBUF_BUFG  |
+-----------+-------+-----------------+------------+-------------+-----------------+------+--------+------+-----+----+------+-----+---------+---------------------+
* Clock Loads column represents the clock pin loads (pin count)
** Non-Clock Loads column represents the non-clock pin loads (pin count)
*** Columns FF, LUTRAM, RAMB through 'Hard IP' represents load cell counts


13. Clock Region Cell Placement per Global Clock: Region X1Y0
-------------------------------------------------------------

+-----------+-------+-----------------+------------+-------------+-----------------+------+--------+------+-----+----+------+-----+---------+------------------------+
| Global Id | Track | Driver Type/Pin | Constraint | Clock Loads | Non-Clock Loads | FF   | LUTRAM | RAMB | DSP | GT | MMCM | PLL | Hard IP | Net                    |
+-----------+-------+-----------------+------------+-------------+-----------------+------+--------+------+-----+----+------+-----+---------+------------------------+
| g0        | n/a   | BUFG/O          | None       |        2108 |               0 | 2089 |     11 |    8 |   0 |  0 |    0 |   0 |       0 | infra/clocks/mmcm_0    |
| g1        | n/a   | BUFG/O          | None       |         868 |               0 |  868 |      0 |    0 |   0 |  0 |    0 |   0 |       0 | infra/clocks/CLK       |
| g2        | n/a   | BUFG/O          | None       |         201 |               0 |  196 |      0 |    5 |   0 |  0 |    0 |   0 |       0 | infra/clocks/mmcm_1    |
| g3        | n/a   | BUFG/O          | None       |         333 |               4 |  335 |      0 |    2 |   0 |  0 |    0 |   0 |       0 | mii_tx_clk             |
| g4        | n/a   | BUFG/O          | None       |           1 |               0 |    0 |      0 |    0 |   0 |  0 |    1 |   0 |       0 | test_out_OBUF_BUFG     |
| g5        | n/a   | BUFG/O          | None       |          22 |               0 |   22 |      0 |    0 |   0 |  0 |    0 |   0 |       0 | rmii_ref_clk_IBUF_BUFG |
+-----------+-------+-----------------+------------+-------------+-----------------+------+--------+------+-----+----+------+-----+---------+------------------------+
* Clock Loads column represents the clock pin loads (pin count)
** Non-Clock Loads column represents the non-clock pin loads (pin count)
*** Columns FF, LUTRAM, RAMB through 'Hard IP' represents load cell counts


14. Clock Region Cell Placement per Global Clock: Region X0Y1
-------------------------------------------------------------

+-----------+-------+-----------------+------------+-------------+-----------------+-----+--------+------+-----+----+------+-----+---------+------------------+
| Global Id | Track | Driver Type/Pin | Constraint | Clock Loads | Non-Clock Loads | FF  | LUTRAM | RAMB | DSP | GT | MMCM | PLL | Hard IP | Net              |
+-----------+-------+-----------------+------------+-------------+-----------------+-----+--------+------+-----+----+------+-----+---------+------------------+
| g1        | n/a   | BUFG/O          | None       |         163 |               0 | 163 |      0 |    0 |   0 |  0 |    0 |   0 |       0 | infra/clocks/CLK |
+-----------+-------+-----------------+------------+-------------+-----------------+-----+--------+------+-----+----+------+-----+---------+------------------+
* Clock Loads column represents the clock pin loads (pin count)
** Non-Clock Loads column represents the non-clock pin loads (pin count)
*** Columns FF, LUTRAM, RAMB through 'Hard IP' represents load cell counts


15. Clock Region Cell Placement per Global Clock: Region X1Y1
-------------------------------------------------------------

+-----------+-------+-----------------+------------+-------------+-----------------+----+--------+------+-----+----+------+-----+---------+------------------------+
| Global Id | Track | Driver Type/Pin | Constraint | Clock Loads | Non-Clock Loads | FF | LUTRAM | RAMB | DSP | GT | MMCM | PLL | Hard IP | Net                    |
+-----------+-------+-----------------+------------+-------------+-----------------+----+--------+------+-----+----+------+-----+---------+------------------------+
| g1        | n/a   | BUFG/O          | None       |          22 |               0 | 22 |      0 |    0 |   0 |  0 |    0 |   0 |       0 | infra/clocks/CLK       |
| g3        | n/a   | BUFG/O          | None       |           0 |               1 |  1 |      0 |    0 |   0 |  0 |    0 |   0 |       0 | mii_tx_clk             |
| g4        | n/a   | BUFG/O          | None       |           0 |               1 |  0 |      0 |    0 |   0 |  0 |    0 |   0 |       0 | test_out_OBUF_BUFG     |
| g5        | n/a   | BUFG/O          | None       |           2 |               0 |  2 |      0 |    0 |   0 |  0 |    0 |   0 |       0 | rmii_ref_clk_IBUF_BUFG |
+-----------+-------+-----------------+------------+-------------+-----------------+----+--------+------+-----+----+------+-----+---------+------------------------+
* Clock Loads column represents the clock pin loads (pin count)
** Non-Clock Loads column represents the non-clock pin loads (pin count)
*** Columns FF, LUTRAM, RAMB through 'Hard IP' represents load cell counts



# Location of BUFG Primitives 
set_property LOC BUFGCTRL_X0Y16 [get_cells test_out_OBUF_BUFG_inst]
set_property LOC BUFGCTRL_X0Y4 [get_cells rmii_ref_clk_IBUF_BUFG_inst]
set_property LOC BUFGCTRL_X0Y3 [get_cells FSM_onehot_state_reg_reg[2]_i_2]
set_property LOC BUFGCTRL_X0Y2 [get_cells infra/clocks/bufgipb]
set_property LOC BUFGCTRL_X0Y0 [get_cells infra/clocks/bufg125]
set_property LOC BUFGCTRL_X0Y1 [get_cells infra/clocks/bufg50]

# Location of IO Primitives which is load of clock spine
set_property LOC IOB_X1Y89 [get_cells test_out_OBUF_inst]

# Location of clock ports
set_property LOC IOB_X1Y56 [get_ports rmii_ref_clk]
set_property LOC IOB_X1Y124 [get_ports sysclk]

# Clock net "test_out_OBUF_BUFG" driven by instance "test_out_OBUF_BUFG_inst" located at site "BUFGCTRL_X0Y16"
#startgroup
create_pblock {CLKAG_test_out_OBUF_BUFG}
add_cells_to_pblock [get_pblocks  {CLKAG_test_out_OBUF_BUFG}] [get_cells -filter { PRIMITIVE_GROUP != I/O && IS_PRIMITIVE==1 && PRIMITIVE_LEVEL !=INTERNAL && NAME!=test_out_OBUF_inst && NAME!=infra/clocks/mmcm} -of_object [get_pins -filter {DIRECTION==IN} -of_objects [get_nets -hierarchical -filter {PARENT=="test_out_OBUF_BUFG"}]]]
resize_pblock [get_pblocks {CLKAG_test_out_OBUF_BUFG}] -add {CLOCKREGION_X0Y0:CLOCKREGION_X0Y0}
#endgroup

# Clock net "rmii_ref_clk_IBUF_BUFG" driven by instance "rmii_ref_clk_IBUF_BUFG_inst" located at site "BUFGCTRL_X0Y4"
#startgroup
create_pblock {CLKAG_rmii_ref_clk_IBUF_BUFG}
add_cells_to_pblock [get_pblocks  {CLKAG_rmii_ref_clk_IBUF_BUFG}] [get_cells -filter { PRIMITIVE_GROUP != I/O && IS_PRIMITIVE==1 && PRIMITIVE_LEVEL !=INTERNAL } -of_object [get_pins -filter {DIRECTION==IN} -of_objects [get_nets -hierarchical -filter {PARENT=="rmii_ref_clk_IBUF_BUFG"}]]]
resize_pblock [get_pblocks {CLKAG_rmii_ref_clk_IBUF_BUFG}] -add {CLOCKREGION_X1Y0:CLOCKREGION_X1Y0 CLOCKREGION_X1Y1:CLOCKREGION_X1Y1}
#endgroup

# Clock net "mii_tx_clk" driven by instance "FSM_onehot_state_reg_reg[2]_i_2" located at site "BUFGCTRL_X0Y3"
#startgroup
create_pblock {CLKAG_mii_tx_clk}
add_cells_to_pblock [get_pblocks  {CLKAG_mii_tx_clk}] [get_cells -filter { PRIMITIVE_GROUP != I/O && IS_PRIMITIVE==1 && PRIMITIVE_LEVEL !=INTERNAL } -of_object [get_pins -filter {DIRECTION==IN} -of_objects [get_nets -hierarchical -filter {PARENT=="mii_tx_clk"}]]]
resize_pblock [get_pblocks {CLKAG_mii_tx_clk}] -add {CLOCKREGION_X1Y0:CLOCKREGION_X1Y0 CLOCKREGION_X1Y1:CLOCKREGION_X1Y1}
#endgroup

# Clock net "infra/clocks/mmcm_1" driven by instance "infra/clocks/bufgipb" located at site "BUFGCTRL_X0Y2"
#startgroup
create_pblock {CLKAG_infra/clocks/mmcm_1}
add_cells_to_pblock [get_pblocks  {CLKAG_infra/clocks/mmcm_1}] [get_cells -filter { PRIMITIVE_GROUP != I/O && IS_PRIMITIVE==1 && PRIMITIVE_LEVEL !=INTERNAL } -of_object [get_pins -filter {DIRECTION==IN} -of_objects [get_nets -hierarchical -filter {PARENT=="infra/clocks/mmcm_1"}]]]
resize_pblock [get_pblocks {CLKAG_infra/clocks/mmcm_1}] -add {CLOCKREGION_X0Y0:CLOCKREGION_X0Y0 CLOCKREGION_X1Y0:CLOCKREGION_X1Y0}
#endgroup

# Clock net "infra/clocks/mmcm_0" driven by instance "infra/clocks/bufg125" located at site "BUFGCTRL_X0Y0"
#startgroup
create_pblock {CLKAG_infra/clocks/mmcm_0}
add_cells_to_pblock [get_pblocks  {CLKAG_infra/clocks/mmcm_0}] [get_cells -filter { PRIMITIVE_GROUP != I/O && IS_PRIMITIVE==1 && PRIMITIVE_LEVEL !=INTERNAL } -of_object [get_pins -filter {DIRECTION==IN} -of_objects [get_nets -hierarchical -filter {PARENT=="infra/clocks/mmcm_0"}]]]
resize_pblock [get_pblocks {CLKAG_infra/clocks/mmcm_0}] -add {CLOCKREGION_X0Y0:CLOCKREGION_X0Y0 CLOCKREGION_X1Y0:CLOCKREGION_X1Y0}
#endgroup

# Clock net "infra/clocks/CLK" driven by instance "infra/clocks/bufg50" located at site "BUFGCTRL_X0Y1"
#startgroup
create_pblock {CLKAG_infra/clocks/CLK}
add_cells_to_pblock [get_pblocks  {CLKAG_infra/clocks/CLK}] [get_cells -filter { PRIMITIVE_GROUP != I/O && IS_PRIMITIVE==1 && PRIMITIVE_LEVEL !=INTERNAL } -of_object [get_pins -filter {DIRECTION==IN} -of_objects [get_nets -hierarchical -filter {PARENT=="infra/clocks/CLK"}]]]
resize_pblock [get_pblocks {CLKAG_infra/clocks/CLK}] -add {CLOCKREGION_X0Y0:CLOCKREGION_X0Y0 CLOCKREGION_X0Y1:CLOCKREGION_X0Y1 CLOCKREGION_X1Y0:CLOCKREGION_X1Y0 CLOCKREGION_X1Y1:CLOCKREGION_X1Y1}
#endgroup
